) 70095
( 70094
?x 46359
_||_ 42688
?y 30965
lambda 23270
and 11242
exist 8655
the 1873
of 1175
isa 959
1 901
argmax 635
a 304
film 302
season 275
in 271
river 248
lake 227
for 212
mso:people.person.education 1
mso:education.education.minor 1
mso:education.education.educational_institution 1
mso:music.concert.concert_set_list 1
mso:music.concert_set_list.artist 1
mso:music.concert_set_list.guest_artist 1
mso:film.film.story 1
mso:people.person.profession 1
r-mso:film.film.editor 1
mso:film.film.format 1
mso:film.film.performance 1
mso:film.performance.character 1
mso:film.performance.actor 1
mso:martial_arts.martial_artist.instructor 1
mso:people.person.children 1
mso:sports.multi_event_tournament.competitor_competition_relationship 1
mso:sports.competitor_competition_relationship.team 1
mso:sports.competitor_competition_relationship.competitor 1
mso:architecture.building.occupancy 1
mso:architecture.occupancy.building_occupant 1
mso:architecture.occupancy.from 1
mso:film.film.production_designer 1
mso:comic_books.series.featured_characters 1
mso:boats.ship.displacement 1
mso:biology.deceased_organism.date_of_death 1
mso:architecture.structure.architect 1
mso:people.person.quotation 1
mso:architecture.venue.capacity 1
mso:people.deceased_person.date_of_death 1
mso:comic_books.creator.series 1
mso:film.film.writer 1
mso:people.person.weight 1
mso:meteorology.beaufort_wind_force.minimum_wind_speed_km_h 1
mso:astronomy.celestial_object.absolute_magnitude 1
mso:book.written_work.next_in_series 1
mso:tv.character.appeared_in_tv_program 1
mso:tv.regular_tv_appearance.actor 1
mso:tv.regular_tv_appearance.to 1
mso:olympics.host_city.olympics_hosted 1
mso:time.event.end_date 1
r-mso:film.film.casting_director 1
mso:film.film.music 1
mso:film.film.producer 1
mso:computer.computer.manufacturer_brand 1
mso:government.governmental_jurisdiction.governing_officials 1
mso:government.position_held.basic_title 1
mso:government.position_held.office_holder 1
mso:location.sovereign.calling_code 1
mso:sports.team.facility 1
mso:architecture.structure.destruction_date 1
mso:chemistry.chemical_compound.structure_smiles 1
mso:sports.championship_event.champion 1
mso:sports.championship.championship_event 1
mso:music.artist.album 1
mso:film.film.production_company 1
mso:organization.organization.place_founded 1
mso:location.location.administrative_capital 1
mso:fictional_universe.character.creator 1
mso:film.film.executive_producer 1
mso:cvg.computer_videogame.designer 1
mso:aviation.aircraft_model.unit_cost 1
mso:measurement_unit.monetary_range.currency 1
mso:measurement_unit.monetary_range.max_value 1
mso:people.person.parent 1
mso:film.director.film 1
mso:transportation.bridge.width 1
mso:film.film.sequel 1
mso:film.film.director 1
mso:astronomy.star_system.star 1
mso:transportation.bridge.locale 1
mso:film.film.location 1
mso:tv.series_season.from 1
mso:film.film.art_director 1
mso:geography.river.mouth_elevation_in_meters 1
mso:architecture.architect.structure 1
mso:architecture.structure.opened 1
r-mso:film.film.art_director 1
mso:organization.organization.founder 1
mso:biology.organism_classification.higher_classification 1
mso:theater.production.director 1
mso:book.periodical.format 1
mso:book.periodical_format_period.from 1
mso:book.periodical_format_period.format 1
mso:biology.organism.date_of_birth 1
mso:book.author.works_written 1
mso:visual_art.artwork.date_begun 1
mso:fictional_universe.character.place_of_birth 1
mso:organization.board_member.organization_board_membership 1
mso:organization.board_membership.title 1
mso:organization.board_membership.organization 1
mso:book.written_work.original_language 1
mso:film.writer.film 1
mso:film.film.featured_song 1
mso:architecture.structure.firm 1
mso:film.film.actor 1
mso:book.literary_series.author 1
mso:games.game.playing_time_minutes 1
mso:cvg.computer_videogame.release_date 1
mso:education.school.school_district 1
mso:book.written_work.previous_in_series 1
mso:book.written_work.author 1
mso:astronomy.orbital_relationship.orbital_order 1
mso:boats.ship_class.max_speed_knots 1
mso:sports.pro_athlete.team 1
mso:sports.sports_team_roster.team 1
mso:sports.sports_team_roster.position 1
mso:biology.organism.height_meters 1
mso:film.series.film 1
mso:spaceflight.satellite.dry_mass_kg 1
mso:language.human_language.region 1
r-mso:film.film.costume_designer 1
mso:royalty.system_of_nobility.used_from_date 1
mso:event.disaster.fatalities 1
mso:spaceflight.rocket.manufacturer 1
mso:soccer.team.manager 1
mso:soccer.team_management_tenure.from 1
mso:soccer.team_management_tenure.manager 1
mso:organization.board_membership.role 1
mso:spaceflight.space_agency.astronauts 1
mso:people.person.nationality_adjectival 1
mso:cvg.computer_videogame.developer 1
r-mso:film.film.story 1
mso:astronomy.orbital_relationship.orbital_period 1
mso:sports.official.official_tenure 1
mso:sports.official_tenure.from_date 1
mso:sports.official_tenure.league 1
mso:location.sovereign.official_language 1
mso:geography.mountain.date_of_first_ascent 1
mso:food.food.nutrition_fact 1
mso:food.nutrition_fact.nutrient 1
mso:food.nutrition_fact.quantity 1
mso:tv.program.air_date_of_first_episode 1
mso:amusement_parks.park.opened 1
mso:boats.ship_class.displacement_tons 1
mso:government.position_held.office_or_title 1
mso:tv.network.former_names 1
mso:biology.organism_classification.organism_classification_rank 1
mso:tv.program.program_creator 1
mso:chemistry.chemical_series.chemical_element 1
r-mso:film.festival_event.venue 1
mso:time.event.start_date 1
mso:film.film.costume_designer 1
mso:meteorology.tropical_cyclone.total_fatalities 1
r-mso:film.film.cinematographer 1
mso:film.film.subject 1
mso:sports.team_owner.teams_owned 1
mso:award.competition.winner 1
mso:government.election_poll.subject 1
mso:government.election_poll_score.subject 1
mso:government.election_poll_score.score 1
mso:olympics.venue.olympic_games_used_in 1
mso:film.film.editor 1
mso:people.person.height 1
mso:geography.lake.outflow 1
mso:law.us_patent.inventor 1
mso:geography.river.mouth 1
mso:location.location.time_zone 1
mso:american_football.coach.current_team_head_coached 1
mso:sports.facility.teams 1
mso:theater.play.composer 1
mso:basketball.coach.season_losses 1
mso:rail.railway.opened 1
mso:film.film.cinematographer 1
r-mso:film.film.executive_producer 1
mso:american_football.player.player_receiving_statistics 1
mso:american_football.player_receiving_statistics.team 1
mso:american_football.player_receiving_statistics.touchdowns 1
mso:geography.river.basin_country 1
mso:film.film.country 1
mso:award.category.long_list_nomination 1
mso:award.long_list_nomination.nominated_work 1
mso:award.long_list_nomination.nominee 1
mso:sports.team.color 1
mso:people.person.date_of_birth 1
mso:organization.founder.organizations_founded 1
mso:astronomy.star.temperature_k 1
mso:boats.ship.ship_builder 1
mso:transportation.bridge.number_of_spans 1
mso:visual_art.art_series.artwork 1
mso:music.opera_singer.voice_type 1
r-mso:film.film.format 1
mso:film.film.casting_director 1
mso:spaceflight.rocket.launch_site 1
mso:location.location.area 1
mso:sports.sports_team_roster.number 1
r-mso:film.film.production_company 1
mso:government.us_president.us_vice_president 1
mso:aviation.airport.iata 1
mso:baseball.player.batting_statistics 1
mso:baseball.batting_statistics.season 1
mso:baseball.batting_statistics.strikeouts 1
mso:music.track.date 1
mso:spaceflight.space_mission.destination 1
mso:sports.multi_event_tournament.competitor_country_relationship 1
mso:sports.competitor_country_relationship.tournament_event_competitor 1
mso:sports.competitor_country_relationship.sport 1
mso:chemistry.chemical_element.symbol 1
mso:soccer.player.total_career_goals 1
mso:film.actor.film 1
mso:music.soundtrack.film 1
mso:aviation.aircraft_model.maximum_speed_km_h 1
mso:sports.pro_athlete.career_end 1
mso:chemistry.chemical_element.atomic_number 1
mso:film.producer.film 1
mso:geography.river.discharge 1
mso:geography.body_of_water.surface_area 1
mso:architecture.structure.contractor 1
mso:architecture.museum.established 1
mso:comic_books.character.creator 1
mso:music.instrument.family 1
mso:american_football.player.player_passing_statistics 1
mso:american_football.player_passing_statistics.season 1
mso:american_football.player_passing_statistics.interceptions 1
mso:protected_sites.protected_site.date_established 1
mso:film.film.soundtrack 1
mso:martial_arts.martial_art.origin 1
mso:computer.computer.introduced 1
mso:sports.competitor_competition_relationship.medal 1
mso:film.character.film 1
mso:theater.play.date_of_first_performance 1
mso:organization.organization.leadership 1
mso:organization.leadership.title 1
mso:organization.leadership.person 1
mso:organization.leadership.role 1
mso:location.location.contained_by 1
mso:geography.river.length 1
mso:basketball.coach.team 1
mso:organization.leadership.as_of_date 1
mso:geography.river.city 1
mso:geography.mountain.elevation 1
mso:computer.software.first_released 1
mso:biology.organism_classification.scientific_name 1
mso:medicine.drug.drug_brand 1
mso:education.education.educational_degree 1
mso:book.written_work.date_of_first_publication 1
mso:sports.sports_team_roster.from 1
mso:film.featured_song.performer 1
mso:music.artist.active_start 1
mso:chemistry.chemical_element.periodic_table_block 1
mso:spaceflight.rocket_engine.diameter 1
mso:chemistry.chemical_element.ionization_energy 1
mso:olympics.games.host_city 1
mso:travel.destination.climate 1
mso:travel.destination_monthly_climate.average_min_temp_c 1
mso:travel.destination_monthly_climate.month 1
mso:film.film.genre 1
mso:architecture.structure.construction_started 1
mso:zoos.zoo.opened 1
mso:olympics.torchbearer.participation_in_relays 1
mso:olympics.torch_relay.date 1
mso:olympics.torch_relay.olympics 1
mso:sports.sports_team_roster.total_goals 1
mso:computer.computer.processor 1
mso:cvg.computer_videogame.genre 1
r-mso:film.festival_event.film 1
mso:baseball.batting_statistics.grand_slams 1
mso:baseball.batting_statistics.team 1
mso:music.composition.lyricist 1
mso:spaceflight.rocket_engine.dry_mass 1
mso:education.educational_institution.school_mascot 1
mso:film.film.prequel 1
mso:sports.pro_athlete.sports_played_professionally 1
mso:sports.pro_sports_played.sport 1
mso:sports.pro_sports_played.career_end 1
mso:baseball.batting_statistics.slugging_pct 1
mso:people.deceased_person.preferred_cause_of_death 1
mso:film.film.initial_release_date 1
mso:music.composition.composer 1
mso:geography.island.island_group 1
mso:time.time_zone.offset_from_uct 1
mso:baseball.batting_statistics.hits 1
mso:amusement_parks.ride.duration 1
mso:computer.operating_system.release_date 1
mso:tv.regular_tv_appearance.series_season 1
mso:architecture.skyscraper.height_with_antenna_spire_meters 1
mso:spaceflight.rocket.country_of_origin 1
mso:film.festival.location 1
mso:music.composition.date_completed 1
mso:american_football.player.position 1
mso:tv.program.regular_cast 1
mso:tv.regular_tv_appearance.special_tv_performance_type 1
mso:book.written_work.copyright_date 1
mso:automotive.automotive_class.length 1
mso:visual_art.artwork.artist 1
mso:aviation.aircraft_model.introduced 1
mso:physics.particle.spin 1
mso:projects.project.project_participation 1
mso:projects.project_participation.project_participant 1
mso:projects.project_participation.from_date 1
mso:book.journal.place_of_publication 1
mso:book.place_of_publication_period.from 1
mso:book.place_of_publication_period.place_of_publication 1
mso:chemistry.chemical_compound.melting_point 1
mso:soccer.match.player_match_participation 1
mso:soccer.player_match_participation.shirt_number 1
mso:soccer.player_match_participation.player 1
mso:astronomy.astronomical_discovery.discoverer 1
mso:award.winner.awards_won 1
mso:award.honor.winning_work 1
mso:award.honor.year 1
mso:law.fugitive.capture_date 1
mso:meteorology.tropical_cyclone.highest_winds 1
mso:location.sovereign.iso4217_currency_code 1
mso:cvg.game_version.publisher 1
mso:location.dated_location.date_founded 1
mso:geography.river.origin 1
mso:film.film.rating 1
mso:book.newspaper.owner 1
mso:tv.program.air_date_of_final_episode 1
mso:spaceflight.spacecraft.manufacturer 1
mso:medicine.medical_treatment.used_to_treat 1
mso:tennis.player.year_turned_pro 1
mso:astronomy.asterism.constellation 1
mso:astronomy.galaxy.constellation 1
mso:olympics.torch_relay.age 1
mso:baseball.team.league 1
mso:music.album.artist 1
mso:music.album.release_date 1
mso:geography.body_of_water.bridge 1
mso:music.concert_set_list.song 1
mso:zoos.zoo.notable_animal 1
mso:zoos.animal_captivity.exhibit 1
mso:zoos.animal_captivity.animal 1
mso:aviation.aircraft_model.retired 1
mso:aviation.aircraft_model.wingspan 1
mso:tv.program.number_of_seasons 1
mso:commerce.digital_camera.wide_focal_length 1
mso:time.recurring_event.instance 1
mso:theater.play.musical_soundtrack 1
mso:fictional_universe.character.date_of_birth 1
mso:fictional_universe.date_time.date_time 1
mso:fictional_universe.date_time.portrayed_in 1
mso:people.deceased_person.place_of_burial 1
mso:architecture.museum.director 1
mso:opera.opera.librettist 1
mso:american_football.team.conference 1
mso:fictional_universe.character.education 1
mso:location.location.legislative_capital 1
mso:boats.ship.place_built 1
mso:geography.body_of_water.islands 1
mso:american_football.player_passing_statistics.attempts 1
mso:baseball.batting_statistics.doubles 1
mso:transportation.bridge.total_length 1
mso:american_football.game.game_passing_statistics 1
mso:american_football.game_passing_statistics.player 1
mso:american_football.game_passing_statistics.attempts 1
mso:radio.radio_program.first_broadcast 1
mso:sports.team.fight_song 1
mso:visual_art.art_series.artist 1
mso:martial_arts.martial_art.well_known_practitioner 1
mso:media_common.adapted_work.adaptations 1
mso:astronomy.celestial_object.mean_radius 1
mso:spaceflight.rocket.maiden_flight 1
mso:baseball.batting_statistics.hit_by_pitch 1
mso:geography.mountain.last_eruption 1
mso:spaceflight.bipropellant_rocket_engine.oxidizer_fuel_ratio 1
mso:tv.program.theme_song 1
mso:geography.lake.surface_elevation 1
mso:film.genre.film 1
mso:film.film.series 1
mso:baseball.batting_statistics.bases_on_balls 1
mso:award.honor.ceremony 1
mso:award.honor.category 1
mso:architecture.structure.height_meters 1
mso:tv.program.spin_offs 1
mso:baseball.batting_statistics.runs 1
mso:baseball.batting_statistics.games 1
mso:religion.place_of_worship.type_of_place_of_worship 1
mso:amusement_parks.ride.park 1
mso:metropolitan_transit.transit_system.inception 1
mso:spaceflight.bipropellant_rocket_engine.expansion_ratio 1
mso:geography.mountain_pass.transversed_by 1
mso:baseball.batting_statistics.at_bats 1
mso:location.location.judicial_capital 1
mso:geography.waterfall.height 1
mso:visual_art.artwork.date_completed 1
mso:american_football.team.division 1
mso:book.poem.poem_character 1
mso:boxing.boxer.weight_division 1
r-mso:book.literary_series.works_in_this_series 1
mso:music.composition.place_of_first_performance 1
mso:fictional_universe.character.character_powers 1
mso:geography.waterfall.drop_number 1
mso:astronomy.astronomical_discovery.discovery_date 1
mso:architecture.building.floor_space_square_meters 1
mso:law.invention.inventor 1
mso:sports.golf_course.year_built 1
mso:geography.body_of_water.depth 1
mso:aviation.aircraft_model.maiden_flight 1
mso:location.sovereign.form_of_government 1
mso:geography.lake.inflow 1
mso:amusement_parks.ride.theme 1
mso:award.long_list_nomination.year 1
mso:cvg.computer_videogame.publisher 1
mso:meteorology.tropical_cyclone.formed 1
mso:sports.professional_sports_team.team_owner 1
mso:meteorology.cloud.maximum_altitude_m 1
mso:spaceflight.space_program.started 1
mso:architecture.building.floors 1
mso:architecture.structure.style 1
mso:sports.team.coach 1
mso:sports.sports_team_coach_tenure.position 1
mso:sports.sports_team_coach_tenure.to 1
mso:medicine.drug.drug_pregnancy_category 1
mso:film.film.language 1
mso:sports.pro_sports_played.career_start 1
mso:astronomy.star_system.constellation 1
mso:american_football.game_passing_statistics.team 1
mso:sports.team.mascot 1
mso:soccer.match.attendance 1
mso:geography.lake.width 1
mso:music.artist.active_end 1
mso:spaceflight.satellite.launch_date 1
mso:book.place_of_publication_period.to 1
mso:film.content_rating_system.jurisdiction 1
mso:food.bottled_water.ph 1
mso:military.person.service 1
mso:military.service.unit 1
mso:military.service.to_date 1
mso:american_football.player_receiving_statistics.receptions 1
mso:time.recurring_event.date_of_first_occurance 1
mso:aviation.airline.number_of_destinations 1
mso:chemistry.chemical_compound.solubility 1
mso:chemistry.solubility_relationship.solvent 1
mso:chemistry.solubility_relationship.solubility 1
mso:geography.island.body_of_water 1
mso:sports.sports_team_roster.to 1
mso:geography.mountain.first_ascenders 1
mso:zoos.animal_captivity.from 1
mso:boats.ship.launched 1
mso:transportation.road.major_cities 1
mso:organization.organization.date_founded 1
mso:business.shopping_center.retail_floor_space_m_2 1
mso:education.educational_institution.color 1
mso:sports.team.founded 1
mso:meteorology.tropical_cyclone.affected_area 1
mso:chemistry.chemical_compound.formula 1
mso:basketball.team.conference 1
mso:spaceflight.astronaut.space_mission 1
mso:ice_hockey.team.captain 1
mso:aviation.aircraft_model.cruise_speed 1
mso:government.position_held.district_represented 1
mso:opera.opera.date_of_first_performance 1
mso:american_football.player.player_rushing_statistics 1
mso:american_football.player_rushing_statistics.team 1
mso:american_football.player_rushing_statistics.season 1
mso:games.game.maximum_playing_time_minutes 1
mso:chemistry.chemical_element.discovery_date 1
mso:chemistry.chemical_element.covalent_radius 1
mso:visual_art.artwork.art_genre 1
mso:theater.play.lyricist 1
mso:government.legislative_session.date_began 1
mso:food.food.nutrition 1
mso:food.nutrition.nutrient 1
mso:food.nutrition.nutrient_quantity 1
mso:opera.opera.date_written 1
mso:fictional_universe.work_of_fiction.setting 1
mso:aviation.airliner_accident.aviation_incident_aircraft_relationship 1
mso:aviation.aviation_incident_aircraft_relationship.aircraft_model 1
mso:aviation.aviation_incident_aircraft_relationship.flight_destination 1
mso:olympics.games.number_of_countries 1
mso:law.court.dissolved 1
mso:film.film.color 1
mso:baseball.batting_statistics.home_runs 1
mso:sports.sports_team_coach_tenure.coach 1
mso:music.composition.compositional_form 1
mso:chemistry.chemical_element.boiling_point 1
mso:chemistry.chemical_element.element_discoverer 1
mso:religion.place_of_worship.religion 1
mso:aviation.aviation_incident_aircraft_relationship.crew 1
mso:law.inventor.inventions 1
mso:transportation.road.length 1
mso:book.edition.publication_date 1
mso:sports.competitor_competition_relationship.rank 1
mso:sports.team.sport 1
mso:chemistry.chemical_compound.phase_at_stp 1
mso:music.track.length 1
mso:religion.religious_organization.religious_organization_leadership 1
mso:religion.religious_organization_leadership.start_date 1
mso:religion.religious_organization_leadership.leader 1
mso:visual_art.art_period_movement.ended_approximately 1
mso:geography.mountaineer.first_ascents 1
mso:food.food.energy 1
mso:business.board_member.organization_board_memberships 1
mso:education.academic.advisors 1
mso:government.position_held.governmental_body 1
mso:education.education.major 1
mso:award.honor.notes_description 1
mso:tv.regular_tv_appearance.program 1
mso:travel.destination_monthly_climate.average_max_temp_c 1
r-mso:film.character.film 1
mso:aviation.aircraft.aircraft_model 1
mso:astronomy.celestial_object.cosmological_distance 1
mso:meteorology.tropical_cyclone.dissipated 1
mso:geography.glacier.length 1
mso:projects.project_participation.project_role 1
mso:baseball.batting_statistics.sacrifice_hits 1
mso:government.agency.date_founded 1
mso:aviation.airliner_accident.date 1
mso:business.issue.stock_ticker_symbol 1
mso:business.stock_ticker_symbol.stock_exchange 1
mso:business.stock_ticker_symbol.ticker_symbol 1
mso:music.concert.concert_performance 1
mso:music.concert_performance.artist 1
mso:music.concert_performance.concert_performance_role 1
mso:radio.radio_program.final_broadcast 1
mso:sports.pro_athlete.career_start 1
mso:astronomy.celestial_object.mean_density 1
mso:aviation.aircraft_model.range 1
mso:baseball.batting_statistics.ibbs 1
mso:fictional_universe.character.organization 1
mso:religion.founding_figure.religion_founded 1
mso:tv.regular_tv_appearance.from 1
mso:chemistry.chemical_element.electron_configuration 1
mso:aviation.aircraft_model.aircraft_engine_type 1
mso:cvg.computer_videogame.prequel 1
mso:aviation.aircraft_model.length_meters 1
mso:food.chef.restaurant 1
mso:food.restaurant_chef_association.from_date 1
mso:food.restaurant_chef_association.restaurant 1
mso:tv.program.number_of_episodes 1
mso:american_football.game.game_receiving_statistics 1
mso:american_football.game_receiving_statistics.player 1
mso:american_football.game_receiving_statistics.team 1
mso:book.magazine.place_of_publication 1
mso:transportation.bridge.bridge_type 1
mso:geography.lake.city 1
mso:american_football.player_passing_statistics.team 1
mso:chemistry.chemical_element.melting_point 1
mso:opera.opera.language 1
mso:law.court.judge 1
mso:law.judicial_tenure.judge 1
mso:law.judicial_tenure.from_date 1
mso:astronomy.meteorite.meteorite_discovery_date 1
mso:baseball.team.team_stats 1
mso:baseball.team_stats.losses 1
mso:baseball.team_stats.season 1
mso:cvg.computer_videogame.sequel 1
mso:music.composition.musical_scale 1
mso:award.category.date_established 1
mso:spaceflight.satellite.launch_site 1
mso:location.dated_location.date_dissolved 1
mso:aviation.aviation_incident_aircraft_relationship.flight_origin 1
mso:aviation.aviation_incident_aircraft_relationship.passengers 1
mso:rail.railway.length 1
mso:medicine.hospital.date_founded 1
mso:spaceflight.satellite.speed_on_orbit 1
mso:tv.program.country_of_origin 1
mso:geography.river.basin_area 1
mso:sports.team.team_season_record 1
mso:sports.team_season_record.losses 1
mso:sports.team_season_record.season 1
mso:aviation.aircraft_model.manufacturer 1
mso:music.artist.record_label 1
mso:geography.waterfall.longest_height 1
mso:food.bottled_water.chloride_content 1
mso:book.poem.poetic_meter 1
mso:internet.website.launched 1
mso:computer.software.latest_release_date 1
mso:architecture.lighthouse.focal_height_of_light 1
mso:cvg.game_version.developer 1
mso:sports.team.previously_known_as 1
mso:library.public_library.established_in 1
mso:astronomy.astronomical_discovery.discovery_organization 1
mso:comic_books.series.created_by 1
mso:military.conflict.commanders 1
mso:military.command.combatant 1
mso:military.command.commander 1
mso:religion.religious_organization_leadership.role 1
mso:religion.religious_organization_leadership.end_date 1
mso:architecture.structure.engineer 1
mso:skiing.ski_area.skiable_area 1
mso:skiing.ski_area.owner 1
mso:skiing.ski_area_ownership.start_date 1
mso:skiing.ski_area_ownership.owner 1
mso:astronomy.constellation.contains 1
mso:tv.program.episode_running_time 1
mso:computer.computer.key_designers 1
mso:chemistry.chemical_classification.higher_classifications 1
mso:soccer.player.player_transfer 1
mso:soccer.player_transfer.purchasing_team 1
mso:soccer.player_transfer.selling_team 1
mso:boats.ship.beam 1
mso:book.poem.poetic_verse_form 1
mso:sports.team_season_record.wins 1
mso:spaceflight.space_mission.astronauts 1
mso:geography.lake.catchment_area 1
mso:geography.mountain.mountain_range 1
mso:tennis.player.grip_style 1
mso:protected_sites.protected_site.governing_body_of_protected_sites 1
mso:theater.play.orchestrator 1
mso:film.subject.film 1
mso:religion.religious_organization_leadership.jurisdiction 1
mso:martial_arts.martial_artist.martial_arts_students 1
mso:book.written_work.literary_series 1
mso:astronomy.star.constellation 1
mso:baseball.batting_statistics.rbis 1
mso:astronomy.celestial_object.magnitude 1
mso:cvg.game_version.release_date 1
mso:military.armed_force.units 1
mso:zoos.zoo.num_species 1
mso:music.concert.start_date 1
mso:boats.ship.length_overall 1
mso:theater.production.date_opened 1
mso:education.academic.field_of_study 1
mso:comic_books.publisher.comic_book_series_published 1
mso:amusement_parks.ride.opened 1
mso:geography.glacier.thickness 1
mso:american_football.game.game_rushing_statistics 1
mso:american_football.game_rushing_statistics.carries 1
mso:american_football.game_rushing_statistics.player 1
mso:cvg.computer_videogame.platform 1
mso:astronomy.star.luminosity 1
mso:zoos.zoo.closed 1
mso:geography.lake.length 1
mso:award.category.category_of 1
mso:medicine.drug.drug_class 1
mso:visual_art.art_period_movement.began_approximately 1
mso:people.deceased_person.date_of_cremation 1
mso:business.oil_field.year_discovered 1
mso:spaceflight.space_program.completed 1
mso:film.performance.performance_type 1
mso:biology.organism.place_of_birth 1
mso:baseball.batting_statistics.sacrifice_flies 1
mso:business.product_line.company_product_line_relationship 1
mso:business.company_product_line_relationship.consumer_company 1
mso:business.company_product_line_relationship.from_date 1
mso:government.politician.party 1
mso:government.political_party_tenure.to 1
mso:government.political_party_tenure.party 1
mso:fictional_universe.object.object_destruction_method 1
mso:time.recurring_event.date_of_final_occurance 1
mso:geography.body_of_water.mean_depth 1
mso:book.periodical.frequency_or_issues_per_year 1
mso:book.periodical_frequency.to 1
mso:book.periodical_frequency.frequency 1
mso:people.deceased_person.date_of_burial 1
mso:skiing.ski_area.base_elevation 1
mso:location.sovereign.fips10_4 1
mso:amusement_parks.park.closed 1
mso:boats.ship.ship_class 1
mso:book.periodical.editorial_staff 1
mso:book.editorial_tenure.title 1
mso:book.editorial_tenure.editor 1
mso:astronomy.celestial_object.surface_area 1
mso:geography.mountain_pass.elevation 1
mso:baseball.player.hall_of_fame_induction 1
mso:commerce.brand.brand_colors 1
mso:commerce.brand_color.to_date 1
mso:commerce.brand_color.color 1
mso:amusement_parks.roller_coaster.track_length 1
mso:architecture.building_complex.floor_space_square_meters 1
mso:baseball.batting_statistics.gdp 1
mso:film.film.aspect_ratio 1
mso:olympics.games.number_of_athletes 1
mso:sports.sports_team_coach_tenure.from 1
mso:wine.wine.grape_variety 1
mso:wine.grape_variety_composition.grape_variety 1
mso:wine.grape_variety_composition.percentage 1
mso:spaceflight.rocket.mass 1
mso:biology.organism.weight_kg 1
mso:amusement_parks.ride.max_g 1
mso:baseball.team.division 1
mso:games.game.origin 1
mso:geography.body_of_water.volume 1
mso:location.power_station.installed_capacity 1
mso:chemistry.chemical_element.electrons_per_shell 1
mso:skiing.ski_area.top_elevation 1
mso:government.position_held.from 1
mso:sports.competitor_competition_relationship.country 1
mso:ice_hockey.team.division 1
mso:military.service.rank 1
mso:military.service.from_date 1
mso:zoos.zoo.num_animals 1
mso:measurement_unit.fuel_economy_unit.economy_in_kilometres_per_litre 1
mso:commerce.digital_camera.digital_zoom_range 1
mso:aviation.aircraft_model.aircraft_type 1
mso:american_football.player_receiving_statistics.season 1
mso:boats.ship_class.ship_type 1
mso:soccer.team_manager.team_manager_match_participation 1
mso:soccer.team_manager_match_participation.match 1
mso:soccer.team_manager_match_participation.team 1
mso:amusement_parks.ride.height 1
mso:sports.golf_course.par 1
mso:astronomy.celestial_object.gravity 1
mso:fictional_universe.character.parents 1
mso:astronomy.astronomer.astronomical_objects_discovered 1
mso:medicine.disease.survival_rate 1
mso:medicine.survival_rate.ethnicity 1
mso:medicine.survival_rate.rate 1
mso:soccer.match.disciplinary_action 1
mso:soccer.disciplinary_action.player 1
mso:soccer.disciplinary_action.punishment 1
mso:soccer.player_transfer.fee 1
mso:soccer.player_match_participation.team 1
mso:amusement_parks.park.area 1
mso:aviation.aircraft.date_manufactured 1
mso:military.unit.formed 1
mso:transportation.road.formed 1
mso:book.editorial_tenure.from 1
mso:medicine.condition_prevention_factors.conditions_this_may_prevent 1
mso:geography.island.max_width 1
mso:military.service.armed_force 1
mso:automotive.engine.size_in_liters 1
mso:people.person.marriage 1
mso:people.marriage.type 1
mso:chemistry.chemical_compound.boiling_point 1
mso:sports.championship_event.runner_up 1
mso:music.track.genre 1
mso:spaceflight.astronaut.space_agency 1
mso:tv.program.genre 1
mso:soccer.team.league 1
mso:soccer.league_participation.from 1
mso:soccer.league_participation.league 1
mso:automotive.automotive_class.wheelbase 1
mso:basketball.coach.season_wins 1
mso:baseball.batting_statistics.batting_average 1
mso:education.education.specialization 1
mso:biology.animal_breed.place_of_origin 1
mso:aviation.airliner_accident.fatality 1
mso:book.written_work.word_count 1
mso:education.fraternity_sorority.color 1
mso:biology.fossil_specimen.found_at_site 1
mso:american_football.player_rushing_statistics.touchdowns 1
mso:skiing.ski_area.number_of_runs 1
mso:american_football.game_passing_statistics.completions 1
mso:geography.island.max_length 1
mso:commerce.digital_camera.weight 1
mso:rail.locomotive_class.maximum_speed 1
mso:astronomy.constellation.meteor_shower 1
mso:geography.river.source_elevation 1
mso:cvg.computer_videogame.game_series 1
mso:geography.waterfall.flow_rate 1
mso:aviation.aircraft_line.models_in_line 1
mso:geography.lake.shore_length 1
mso:baseball.team_stats.wins 1
mso:transportation.bridge.longest_span 1
mso:chemistry.chemical_element.electronegativity 1
mso:engineering.engine.power 1
mso:meteorology.cloud.minimum_altitude 1
mso:soccer.player_transfer.date_transfer_was_agreed 1
mso:spaceflight.rocket_engine.isp_sea_level 1
mso:music.artist.concert_tours 1
mso:chemistry.element_discoverer.discovered 1
mso:book.written_work.date_written 1
mso:book.book.genre 1
mso:aviation.aircraft_designer.models_designed 1
mso:tennis.player.career_losses_doubles 1
mso:visual_art.visual_artist.associated_periods_or_movements 1
mso:olympics.games.number_of_events 1
mso:film.performance.character_note 1
mso:zoos.zoo.area 1
mso:architecture.lighthouse.automated 1
mso:astronomy.orbital_relationship.mean_orbital_speed 1
mso:celebrities.supercouple.celebrity 1
mso:games.game.introduced 1
mso:astronomy.celestial_object.equatorial_circumference 1
mso:film.festival.focus 1
mso:boats.ship.length_at_waterline 1
mso:sports.competitor_country_relationship.country 1
mso:architecture.architect.style 1
mso:astronomy.celestial_object.escape_velocity 1
mso:automotive.designer.automobiles_designed 1
mso:military.unit.armed_force 1
mso:boats.ship.ship_designer 1
mso:spaceflight.satellite.altitude 1
mso:book.character.appears_in_book 1
mso:film.series.director 1
mso:aviation.aviation_incident_aircraft_relationship.survivors 1
mso:chemistry.chemical_element.chemical_series 1
mso:law.judicial_tenure.to_date 1
mso:travel.destination_monthly_climate.average_rainfall_mm 1
mso:sports.sports_team_roster.appearances 1
mso:music.music_video.performance 1
mso:music.music_video_performance.music_video_character 1
mso:music.music_video_performance.music_video_performer 1
mso:medicine.drug.drug_legal_status 1
mso:architecture.structure.structural_failure 1
mso:architecture.structure_failure.failure_cause 1
mso:architecture.structure_failure.causes_disaster 1
mso:medicine.manufactured_drug_form.marketing_end_date 1
mso:boats.ship.keel_laid 1
mso:boats.ship_class.length_overall_m 1
mso:chemistry.chemical_compound.average_molar_mass 1
mso:amusement_parks.ride.designer 1
mso:people.deceased_person.place_of_cremation 1
mso:education.educational_institution.motto 1
mso:transportation.bridge.clearance_below 1
mso:astronomy.comet.last_perihelion 1
mso:geography.mountain.prominence 1
mso:sports.golf_course.holes 1
mso:food.recipe.recipe_ingredient 1
mso:food.recipe_ingredient.ingredient 1
mso:food.recipe_ingredient.quantity 1
mso:government.political_party_tenure.from 1
mso:biology.organism.parents 1
mso:rail.locomotive_class.height 1
mso:award.competitor.competitions_won 1
mso:automotive.automotive_class.weight 1
mso:book.editorial_tenure.to 1
mso:spaceflight.space_program.sponsor 1
mso:meteorology.cloud.appearance 1
mso:film.festival_event.venue 1
mso:commerce.brand_color.from_date 1
mso:architecture.lighthouse.year_first_lit 1
mso:amusement_parks.ride.ride_type 1
mso:award.ranked_item.ranking 1
mso:spaceflight.astronaut.space_time_minutes 1
mso:rail.railway.closed 1
mso:tv.crewmember.crew_gig 1
mso:tv.crew_gig.crew_role 1
mso:tv.crew_gig.episode 1
mso:spaceflight.rocket_engine.isp_vacuum 1
mso:fictional_universe.character.character_species 1
mso:spaceflight.rocket_engine.height 1
mso:chemistry.chemical_element.cas_id 1
mso:commerce.digital_camera.sensor_resolution 1
mso:chemistry.chemical_element.atomic_radius 1
mso:tv.series_episode.season_number 1
mso:government.general_election.legislative_election_results 1
mso:government.legislative_election_results.party 1
mso:government.legislative_election_results.number_of_seats 1
mso:food.recipe_ingredient.notes 1
mso:architecture.structure.closed 1
mso:medicine.manufactured_drug_form.size 1
mso:astronomy.star.mass_m 1
mso:organization.organization.child 1
mso:organization.relationship.as_of_date 1
mso:organization.relationship.child 1
mso:language.conlang.date_created 1
mso:spaceflight.rocket.number_of_stages 1
mso:measurement_unit.angle_unit.angle_in_radians 1
mso:aviation.airline.fleet_size 1
mso:food.bottled_water.floride_content 1
mso:film.festival.date_founded 1
mso:automotive.automotive_class.width 1
mso:chemistry.chemical_element.isotope 1
mso:spaceflight.satellite.launch_vehicle 1
mso:biology.fossil_specimen.organism_classification 1
mso:spaceflight.rocket.height_meters 1
mso:computer.processor.introduced 1
mso:comic_books.series.publisher 1
mso:amusement_parks.ride.height_restriction 1
mso:visual_art.artwork.medium 1
mso:tv.series_episode.episode_number 1
mso:chemistry.chemical_compound.density 1
mso:book.written_work.atos_level 1
mso:wine.wine.percentage_alcohol 1
r-mso:film.content_rating.content_rating_system 1
mso:amusement_parks.ride.inversions 1
r-mso:film.producer.film 1
mso:chemistry.chemical_compound.iuapc_id 1
mso:government.governmental_body.date_formed 1
mso:astronomy.star_system_body.star_system 1
mso:spaceflight.rocket.diameter_meters 1
mso:amusement_parks.ride.manufacturer 1
mso:martial_arts.martial_artist.martial_art 1
mso:sports.league.sport 1
mso:amusement_parks.ride.max_speed 1
mso:boats.ship.draught 1
mso:government.position_held.political_appointer 1
mso:aviation.airliner_accident.survivors 1
mso:tennis.player.career_wins_singles 1
mso:projects.project_participation.to_date 1
mso:astronomy.orbital_relationship.orbits 1
mso:basketball.team.division 1
mso:astronomy.star.rotation 1
mso:commerce.digital_camera.lcd_screen_dimensions 1
mso:engineering.battery.mass 1
mso:astronomy.constellation.galaxies_observed_in_constellation 1
mso:biology.amino_acid.three_letter_abbreviation 1
mso:chemistry.isotope.mass_number 1
mso:law.court.founded 1
mso:aviation.airliner_accident.passengers 1
mso:event.disaster.injuries 1
mso:cvg.game_version.platform 1
mso:commerce.digital_camera.lcd_pixels 1
mso:fictional_universe.character.height 1
mso:chemistry.chemical_element.van_der_waals_radius 1
mso:amusement_parks.ride.closed 1
mso:astronomy.orbital_relationship.semi_major_axis 1
mso:aviation.airport.number_of_runways 1
mso:film.content_rating.minimum_accompanied_age 1
mso:film.content_rating.country 1
mso:computer.programming_language.introduced 1
mso:broadcast.tv_station.founded 1
mso:law.criminal.number_killed_victims 1
mso:fictional_universe.character.weight 1
mso:tennis.player.career_losses_singles 1
mso:automotive.automotive_class.engine 1
mso:soccer.player.total_international_goals 1
mso:education.school_district.number_of_schools 1
mso:film.film.tagline 1
mso:astronomy.star.spectral_type 1
mso:chemistry.isotope.half_life 1
mso:film.content_rating.minimum_unaccompanied_age 1
mso:music.release_track.length 1
mso:music.music_video.initial_release_date 1
mso:law.criminal.number_injured_victims 1
mso:tv.series_episode.air_date 1
mso:education.field_of_study.subdisciplines 1
mso:automotive.automotive_class.transmission 1
mso:astronomy.astronomical_discovery.discovery_site 1
